<?xml version="1.0" encoding="UTF-8"?>
<!-- Generated by org.testng.reporters.JUnitReportReporter -->
<testsuite hostname="LAPTOP-E462BQ6V" failures="0" tests="1" name="TestBases.CreateAcntPageTest" time="9.618" errors="0" timestamp="2024-11-28T22:00:03 IST" skipped="0">
  <testcase classname="TestBases.CreateAcntPageTest" name="testCreateAcnt" time="9.618"/>
</testsuite> <!-- TestBases.CreateAcntPageTest -->
