<?xml version="1.0" encoding="UTF-8"?>
<!-- Generated by org.testng.reporters.JUnitReportReporter -->
<testsuite hostname="LAPTOP-E462BQ6V" failures="0" tests="2" name="TestBases.LoginPageTest" time="0.084" errors="0" timestamp="2024-11-28T19:20:41 IST" skipped="0">
  <testcase classname="TestBases.LoginPageTest" name="testCreateAcntBTN" time="0.073"/>
  <testcase classname="TestBases.LoginPageTest" name="testNavigateLogin" time="0.011"/>
</testsuite> <!-- TestBases.LoginPageTest -->
